[LOG - 2/19/24 9:52:10] "2024-02-19T00:52:10.004Z"
[LOG - 2/19/24 9:58:40] 9
[LOG - 2/19/24 9:58:50] 9
[LOG - 2/19/24 9:58:58] 9
[LOG - 2/19/24 9:59:00] 9
[LOG - 2/19/24 9:59:00] 9
[LOG - 2/19/24 9:59:00] 9
[LOG - 2/19/24 9:59:01] 9
[LOG - 2/19/24 9:59:01] 9
[LOG - 2/19/24 9:59:01] 9
[LOG - 2/19/24 9:59:02] 9
[LOG - 2/19/24 9:59:03] 9
[LOG - 2/19/24 9:59:03] 9
[LOG - 2/19/24 9:59:05] 9
[LOG - 2/19/24 9:59:05] 9
[UNCAUGHT_ERROR - 2/19/24 9:59:05] Error: Failed to execute 'querySelector' on 'Document': The provided selector is empty.
    at http://127.0.0.1:3000/02_js/03/02.html:15:22
[LOG - 2/19/24 9:59:06] 9
[LOG - 2/19/24 9:59:06] 9
[LOG - 2/19/24 9:59:06] 9
[LOG - 2/19/24 9:59:06] 9
[LOG - 2/19/24 9:59:07] 9
[LOG - 2/19/24 9:59:08] 9
[LOG - 2/19/24 9:59:26] 9
[LOG - 2/19/24 9:59:37] 9
[LOG - 2/19/24 9:59:44] 9
[LOG - 2/19/24 9:59:44] 9
[LOG - 2/19/24 9:59:44] 9
[LOG - 2/19/24 9:59:45] 9
[LOG - 2/19/24 9:59:45] 9
[LOG - 2/19/24 9:59:45] 9
[LOG - 2/19/24 9:59:45] 9
[LOG - 2/19/24 9:59:45] 9
[LOG - 2/19/24 10:00:44] 10
[LOG - 2/19/24 10:00:47] 10
[LOG - 2/19/24 10:00:51] 10
[LOG - 2/19/24 10:00:52] 10
[LOG - 2/19/24 10:00:52] 10
[LOG - 2/19/24 10:00:53] 10
[LOG - 2/19/24 10:00:53] 10
[LOG - 2/19/24 10:00:54] 10
[LOG - 2/19/24 10:00:54] 10
[LOG - 2/19/24 10:00:54] 10
[LOG - 2/19/24 10:00:55] 10
[LOG - 2/19/24 10:00:55] 10
[LOG - 2/19/24 10:01:03] 10
[LOG - 2/19/24 10:01:05] 10
[LOG - 2/19/24 10:01:05] 10
[LOG - 2/19/24 10:01:05] 10
[LOG - 2/19/24 10:01:05] 10
[LOG - 2/19/24 10:01:06] 10
[LOG - 2/19/24 10:01:29] 10
[LOG - 2/19/24 10:02:25] 10
[LOG - 2/19/24 10:02:26] 10
[LOG - 2/19/24 10:02:31] 10
[LOG - 2/19/24 10:02:31] 10
[LOG - 2/19/24 10:02:39] 10
[LOG - 2/19/24 10:02:39] 10
[LOG - 2/19/24 10:02:39] 10
[LOG - 2/19/24 10:02:40] 10
[LOG - 2/19/24 10:02:40] 10
[LOG - 2/19/24 10:02:41] 10
[LOG - 2/19/24 10:02:50] 10
[LOG - 2/19/24 10:03:04] 10
[LOG - 2/19/24 10:03:04] 10
[LOG - 2/19/24 10:03:05] 10
[LOG - 2/19/24 10:03:05] 10
[LOG - 2/19/24 10:03:07] 10
[LOG - 2/19/24 10:03:07] 10
[LOG - 2/19/24 10:03:07] 10
[LOG - 2/19/24 10:03:13] 10
[LOG - 2/19/24 10:03:21] 10
[LOG - 2/19/24 10:03:35] 10
[LOG - 2/19/24 10:03:49] 10
[LOG - 2/19/24 10:03:50] 10
[LOG - 2/19/24 10:04:20] 10
[LOG - 2/19/24 10:04:20] "hour < 12: "
